Using pre-set license
Built from '2020.3/release' branch; Version is '2020.3.1f1 (77a89f25062f) revision 7841951'; Using compiler version '192528614'; Build Type 'Release'
OS: 'Windows 10 Home; OS build 19041.1052; Version 2004; 64bit' Language: 'en' Physical Memory: 7778 MB
BatchMode: 1, IsHumanControllingUs: 0, StartBugReporterOnCrash: 0, Is64bit: 1, IsPro: 0

 COMMAND LINE ARGUMENTS:
D:\Unity3D\Hub\2020.3.1f1\Editor\Unity.exe
-adb2
-batchMode
-noUpm
-name
AssetImportWorker0
-projectPath
D:/Unity3D/Hub/itsSipihr-Starter
-logFile
Logs/AssetImportWorker0.log
-srvPort
53734
Successfully changed project path to: D:/Unity3D/Hub/itsSipihr-Starter
D:/Unity3D/Hub/itsSipihr-Starter
Using Asset Import Pipeline V2.
Refreshing native plugins compatible for Editor in 63.04 ms, found 1 plugins.
Preloading 0 native plugins for Editor in 0.00 ms.
Initialize engine version: 2020.3.1f1 (77a89f25062f)
[Subsystems] Discovering subsystems at path D:/Unity3D/Hub/2020.3.1f1/Editor/Data/Resources/UnitySubsystems
[Subsystems] Discovering subsystems at path D:/Unity3D/Hub/itsSipihr-Starter/Assets
GfxDevice: creating device client; threaded=0
Direct3D:
    Version:  Direct3D 11.0 [level 11.1]
    Renderer: Intel(R) Iris(R) Plus Graphics (ID=0x8a52)
    Vendor:   
    VRAM:     3889 MB
    Driver:   27.20.100.8681
Initialize mono
Mono path[0] = 'D:/Unity3D/Hub/2020.3.1f1/Editor/Data/Managed'
Mono path[1] = 'D:/Unity3D/Hub/2020.3.1f1/Editor/Data/MonoBleedingEdge/lib/mono/unityjit'
Mono config path = 'D:/Unity3D/Hub/2020.3.1f1/Editor/Data/MonoBleedingEdge/etc'
Using monoOptions --debugger-agent=transport=dt_socket,embedding=1,server=y,suspend=n,address=127.0.0.1:56360
Begin MonoManager ReloadAssembly
Registering precompiled unity dll's ...
Register platform support module: D:/Unity3D/Hub/2020.3.1f1/Editor/Data/PlaybackEngines/WebGLSupport/UnityEditor.WebGL.Extensions.dll
Register platform support module: D:/Unity3D/Hub/2020.3.1f1/Editor/Data/PlaybackEngines/WindowsStandaloneSupport/UnityEditor.WindowsStandalone.Extensions.dll
Registered in 0.001838 seconds.
Native extension for WindowsStandalone target not found
Native extension for WebGL target not found
Refreshing native plugins compatible for Editor in 43.54 ms, found 1 plugins.
Preloading 0 native plugins for Editor in 0.00 ms.
Invoked RoslynAnalysisRunner static constructor.
RoslynAnalysisRunner will not be running.
RoslynAnalysisRunner has terminated.
Mono: successfully reloaded assembly
- Completed reload, in  2.488 seconds
Platform modules already initialized, skipping
Registering precompiled user dll's ...
Registered in 0.006325 seconds.
Begin MonoManager ReloadAssembly
Native extension for WindowsStandalone target not found
Native extension for WebGL target not found
Refreshing native plugins compatible for Editor in 0.47 ms, found 1 plugins.
Preloading 0 native plugins for Editor in 0.00 ms.
Invoked RoslynAnalysisRunner static constructor.
RoslynAnalysisRunner will not be running.
RoslynAnalysisRunner has terminated.
Mono: successfully reloaded assembly
- Completed reload, in  0.976 seconds
Platform modules already initialized, skipping
========================================================================
Worker process is ready to serve import requests
Launched and connected shader compiler UnityShaderCompiler.exe after 0.09 seconds
Refreshing native plugins compatible for Editor in 0.42 ms, found 1 plugins.
Preloading 0 native plugins for Editor in 0.00 ms.
Unloading 1677 Unused Serialized files (Serialized files now loaded: 0)
System memory in use before: 86.3 MB.
System memory in use after: 86.4 MB.

Unloading 23 unused Assets to reduce memory usage. Loaded Objects now: 2130.
Total: 4.249100 ms (FindLiveObjects: 0.332400 ms CreateObjectMapping: 0.041200 ms MarkObjects: 3.651200 ms  DeleteObjects: 0.222400 ms)

========================================================================
Received Import Request.
  path: Assets/NavMeshComponents/Scripts/NavMeshModifierVolume.cs
  artifactKey: Guid(35e95dc5ff2b64380880dd7ac5922847) Importer(815301076,1909f56bfc062723c751e8b465ee728b)
Start importing Assets/NavMeshComponents/Scripts/NavMeshModifierVolume.cs using Guid(35e95dc5ff2b64380880dd7ac5922847) Importer(815301076,1909f56bfc062723c751e8b465ee728b)  -> (artifact id: '27caff070a3b184b9caa873efadc223a') in 0.063450 seconds
  Import took 0.070868 seconds .

========================================================================
Received Import Request.
  Time since last request: 0.000600 seconds.
  path: Assets/NavMeshComponents/Editor
  artifactKey: Guid(63b588f3892bb4b5eb73ad3d2791e05c) Importer(815301076,1909f56bfc062723c751e8b465ee728b)
Start importing Assets/NavMeshComponents/Editor using Guid(63b588f3892bb4b5eb73ad3d2791e05c) Importer(815301076,1909f56bfc062723c751e8b465ee728b)  -> (artifact id: 'e9ea1b16af5f6cd9567188f4b95fcab7') in 0.012211 seconds
  Import took 0.016841 seconds .

========================================================================
Received Import Request.
  Time since last request: 0.000207 seconds.
  path: Assets/NavMeshComponents/Scripts
  artifactKey: Guid(ce67aa87f613246dda63a54a59c6399e) Importer(815301076,1909f56bfc062723c751e8b465ee728b)
Start importing Assets/NavMeshComponents/Scripts using Guid(ce67aa87f613246dda63a54a59c6399e) Importer(815301076,1909f56bfc062723c751e8b465ee728b)  -> (artifact id: 'f86320134a7871f77ac7516ae7d126ee') in 0.007982 seconds
  Import took 0.011857 seconds .

========================================================================
Received Prepare
Registering precompiled user dll's ...
Registered in 0.003665 seconds.
Begin MonoManager ReloadAssembly
Native extension for WindowsStandalone target not found
Native extension for WebGL target not found
Refreshing native plugins compatible for Editor in 0.43 ms, found 1 plugins.
Preloading 0 native plugins for Editor in 0.00 ms.
Invoked RoslynAnalysisRunner static constructor.
RoslynAnalysisRunner will not be running.
RoslynAnalysisRunner has terminated.
Mono: successfully reloaded assembly
- Completed reload, in  0.864 seconds
Platform modules already initialized, skipping
Refreshing native plugins compatible for Editor in 0.46 ms, found 1 plugins.
Preloading 0 native plugins for Editor in 0.00 ms.
Unloading 1625 Unused Serialized files (Serialized files now loaded: 0)
System memory in use before: 82.7 MB.
System memory in use after: 82.8 MB.

Unloading 18 unused Assets to reduce memory usage. Loaded Objects now: 2134.
Total: 2.032200 ms (FindLiveObjects: 0.195900 ms CreateObjectMapping: 0.069800 ms MarkObjects: 1.695000 ms  DeleteObjects: 0.070100 ms)

========================================================================
Received Prepare
Registering precompiled user dll's ...
Registered in 0.003121 seconds.
Begin MonoManager ReloadAssembly
Native extension for WindowsStandalone target not found
Native extension for WebGL target not found
Refreshing native plugins compatible for Editor in 1.05 ms, found 1 plugins.
Preloading 0 native plugins for Editor in 0.00 ms.
Invoked RoslynAnalysisRunner static constructor.
RoslynAnalysisRunner will not be running.
RoslynAnalysisRunner has terminated.
Mono: successfully reloaded assembly
- Completed reload, in  1.291 seconds
Platform modules already initialized, skipping
Refreshing native plugins compatible for Editor in 0.50 ms, found 1 plugins.
Preloading 0 native plugins for Editor in 0.00 ms.
Unloading 1624 Unused Serialized files (Serialized files now loaded: 0)
System memory in use before: 82.7 MB.
System memory in use after: 82.8 MB.

Unloading 18 unused Assets to reduce memory usage. Loaded Objects now: 2137.
Total: 1.873500 ms (FindLiveObjects: 0.162600 ms CreateObjectMapping: 0.056100 ms MarkObjects: 1.588400 ms  DeleteObjects: 0.065000 ms)

========================================================================
Received Prepare
Registering precompiled user dll's ...
Registered in 0.003287 seconds.
Begin MonoManager ReloadAssembly
Native extension for WindowsStandalone target not found
Native extension for WebGL target not found
Refreshing native plugins compatible for Editor in 0.49 ms, found 1 plugins.
Preloading 0 native plugins for Editor in 0.00 ms.
Invoked RoslynAnalysisRunner static constructor.
RoslynAnalysisRunner will not be running.
RoslynAnalysisRunner has terminated.
Mono: successfully reloaded assembly
- Completed reload, in  0.998 seconds
Platform modules already initialized, skipping
Refreshing native plugins compatible for Editor in 0.43 ms, found 1 plugins.
Preloading 0 native plugins for Editor in 0.00 ms.
Unloading 1624 Unused Serialized files (Serialized files now loaded: 0)
System memory in use before: 82.7 MB.
System memory in use after: 82.8 MB.

Unloading 18 unused Assets to reduce memory usage. Loaded Objects now: 2140.
Total: 2.047900 ms (FindLiveObjects: 0.183700 ms CreateObjectMapping: 0.058300 ms MarkObjects: 1.716400 ms  DeleteObjects: 0.087300 ms)

========================================================================
Received Prepare
Registering precompiled user dll's ...
Registered in 0.005451 seconds.
Begin MonoManager ReloadAssembly
Native extension for WindowsStandalone target not found
Native extension for WebGL target not found
Refreshing native plugins compatible for Editor in 0.62 ms, found 1 plugins.
Preloading 0 native plugins for Editor in 0.00 ms.
Invoked RoslynAnalysisRunner static constructor.
RoslynAnalysisRunner will not be running.
RoslynAnalysisRunner has terminated.
Mono: successfully reloaded assembly
- Completed reload, in  0.842 seconds
Platform modules already initialized, skipping
Refreshing native plugins compatible for Editor in 0.43 ms, found 1 plugins.
Preloading 0 native plugins for Editor in 0.00 ms.
Unloading 1624 Unused Serialized files (Serialized files now loaded: 0)
System memory in use before: 82.8 MB.
System memory in use after: 82.8 MB.

Unloading 18 unused Assets to reduce memory usage. Loaded Objects now: 2143.
Total: 1.904600 ms (FindLiveObjects: 0.155800 ms CreateObjectMapping: 0.118900 ms MarkObjects: 1.552300 ms  DeleteObjects: 0.075700 ms)

========================================================================
Received Prepare
Registering precompiled user dll's ...
Registered in 0.004067 seconds.
Begin MonoManager ReloadAssembly
Native extension for WindowsStandalone target not found
Native extension for WebGL target not found
Refreshing native plugins compatible for Editor in 0.57 ms, found 1 plugins.
Preloading 0 native plugins for Editor in 0.00 ms.
Invoked RoslynAnalysisRunner static constructor.
RoslynAnalysisRunner will not be running.
RoslynAnalysisRunner has terminated.
Mono: successfully reloaded assembly
- Completed reload, in  0.815 seconds
Platform modules already initialized, skipping
Refreshing native plugins compatible for Editor in 0.48 ms, found 1 plugins.
Preloading 0 native plugins for Editor in 0.00 ms.
Unloading 1624 Unused Serialized files (Serialized files now loaded: 0)
System memory in use before: 82.8 MB.
System memory in use after: 82.8 MB.

Unloading 18 unused Assets to reduce memory usage. Loaded Objects now: 2146.
Total: 2.752400 ms (FindLiveObjects: 0.277900 ms CreateObjectMapping: 0.104900 ms MarkObjects: 2.301000 ms  DeleteObjects: 0.066700 ms)

========================================================================
Received Prepare
Registering precompiled user dll's ...
Registered in 0.010321 seconds.
Begin MonoManager ReloadAssembly
Native extension for WindowsStandalone target not found
Native extension for WebGL target not found
Refreshing native plugins compatible for Editor in 1.34 ms, found 1 plugins.
Preloading 0 native plugins for Editor in 0.00 ms.
Invoked RoslynAnalysisRunner static constructor.
RoslynAnalysisRunner will not be running.
RoslynAnalysisRunner has terminated.
Mono: successfully reloaded assembly
- Completed reload, in  4.015 seconds
Platform modules already initialized, skipping
Refreshing native plugins compatible for Editor in 0.72 ms, found 1 plugins.
Preloading 0 native plugins for Editor in 0.00 ms.
Unloading 1624 Unused Serialized files (Serialized files now loaded: 0)
System memory in use before: 82.8 MB.
System memory in use after: 82.9 MB.

Unloading 18 unused Assets to reduce memory usage. Loaded Objects now: 2149.
Total: 2.069700 ms (FindLiveObjects: 0.180300 ms CreateObjectMapping: 0.060000 ms MarkObjects: 1.741400 ms  DeleteObjects: 0.086400 ms)

========================================================================
Received Import Request.
  Time since last request: 1066.964129 seconds.
  path: Assets/NavMeshComponents/Scripts/NavMeshModifier.cs
  artifactKey: Guid(1e3fdca004f2d45fe8abbed571a8abd5) Importer(815301076,1909f56bfc062723c751e8b465ee728b)
Start importing Assets/NavMeshComponents/Scripts/NavMeshModifier.cs using Guid(1e3fdca004f2d45fe8abbed571a8abd5) Importer(815301076,1909f56bfc062723c751e8b465ee728b)  -> (artifact id: '37fd95df031fde61ae8183938af84403') in 0.015449 seconds
  Import took 0.022416 seconds .

========================================================================
Received Import Request.
  Time since last request: 0.020960 seconds.
  path: Assets/NavMeshComponents/Scripts/NavMeshModifier.cs
  artifactKey: Guid(1e3fdca004f2d45fe8abbed571a8abd5) Importer(815301076,1909f56bfc062723c751e8b465ee728b)
Start importing Assets/NavMeshComponents/Scripts/NavMeshModifier.cs using Guid(1e3fdca004f2d45fe8abbed571a8abd5) Importer(815301076,1909f56bfc062723c751e8b465ee728b)  -> (artifact id: '37fd95df031fde61ae8183938af84403') in 0.003138 seconds
  Import took 0.008830 seconds .

========================================================================
Received Prepare
Registering precompiled user dll's ...
Registered in 0.008576 seconds.
Begin MonoManager ReloadAssembly
Native extension for WindowsStandalone target not found
Native extension for WebGL target not found
Refreshing native plugins compatible for Editor in 0.49 ms, found 1 plugins.
Preloading 0 native plugins for Editor in 0.00 ms.
Invoked RoslynAnalysisRunner static constructor.
RoslynAnalysisRunner will not be running.
RoslynAnalysisRunner has terminated.
Mono: successfully reloaded assembly
- Completed reload, in  1.152 seconds
Platform modules already initialized, skipping
Refreshing native plugins compatible for Editor in 0.63 ms, found 1 plugins.
Preloading 0 native plugins for Editor in 0.00 ms.
Unloading 1624 Unused Serialized files (Serialized files now loaded: 0)
System memory in use before: 82.8 MB.
System memory in use after: 82.9 MB.

Unloading 18 unused Assets to reduce memory usage. Loaded Objects now: 2152.
Total: 2.911600 ms (FindLiveObjects: 0.329300 ms CreateObjectMapping: 0.100900 ms MarkObjects: 2.370300 ms  DeleteObjects: 0.108200 ms)

========================================================================
Received Prepare
Registering precompiled user dll's ...
Registered in 0.011396 seconds.
Begin MonoManager ReloadAssembly
Native extension for WindowsStandalone target not found
Native extension for WebGL target not found
Refreshing native plugins compatible for Editor in 1.49 ms, found 1 plugins.
Preloading 0 native plugins for Editor in 0.00 ms.
Invoked RoslynAnalysisRunner static constructor.
RoslynAnalysisRunner will not be running.
RoslynAnalysisRunner has terminated.
Mono: successfully reloaded assembly
- Completed reload, in  3.277 seconds
Platform modules already initialized, skipping
Refreshing native plugins compatible for Editor in 1.17 ms, found 1 plugins.
Preloading 0 native plugins for Editor in 0.00 ms.
Unloading 1624 Unused Serialized files (Serialized files now loaded: 0)
System memory in use before: 82.8 MB.
System memory in use after: 82.9 MB.

Unloading 18 unused Assets to reduce memory usage. Loaded Objects now: 2155.
Total: 6.343700 ms (FindLiveObjects: 1.696800 ms CreateObjectMapping: 0.553500 ms MarkObjects: 3.864700 ms  DeleteObjects: 0.225100 ms)

========================================================================
Received Prepare
Registering precompiled user dll's ...
Registered in 0.007395 seconds.
Begin MonoManager ReloadAssembly
Native extension for WindowsStandalone target not found
Native extension for WebGL target not found
Refreshing native plugins compatible for Editor in 0.58 ms, found 1 plugins.
Preloading 0 native plugins for Editor in 0.00 ms.
Invoked RoslynAnalysisRunner static constructor.
RoslynAnalysisRunner will not be running.
RoslynAnalysisRunner has terminated.
Mono: successfully reloaded assembly
- Completed reload, in  0.941 seconds
Platform modules already initialized, skipping
Refreshing native plugins compatible for Editor in 0.45 ms, found 1 plugins.
Preloading 0 native plugins for Editor in 0.00 ms.
Unloading 1624 Unused Serialized files (Serialized files now loaded: 0)
System memory in use before: 82.8 MB.
System memory in use after: 82.9 MB.

Unloading 18 unused Assets to reduce memory usage. Loaded Objects now: 2158.
Total: 1.936600 ms (FindLiveObjects: 0.229300 ms CreateObjectMapping: 0.086700 ms MarkObjects: 1.545300 ms  DeleteObjects: 0.074000 ms)

========================================================================
Received Prepare
Registering precompiled user dll's ...
Registered in 0.003146 seconds.
Begin MonoManager ReloadAssembly
Native extension for WindowsStandalone target not found
Native extension for WebGL target not found
Refreshing native plugins compatible for Editor in 0.52 ms, found 1 plugins.
Preloading 0 native plugins for Editor in 0.00 ms.
Invoked RoslynAnalysisRunner static constructor.
RoslynAnalysisRunner will not be running.
RoslynAnalysisRunner has terminated.
Mono: successfully reloaded assembly
- Completed reload, in  0.833 seconds
Platform modules already initialized, skipping
Refreshing native plugins compatible for Editor in 0.51 ms, found 1 plugins.
Preloading 0 native plugins for Editor in 0.00 ms.
Unloading 1624 Unused Serialized files (Serialized files now loaded: 0)
System memory in use before: 82.8 MB.
System memory in use after: 82.9 MB.

Unloading 18 unused Assets to reduce memory usage. Loaded Objects now: 2161.
Total: 1.927700 ms (FindLiveObjects: 0.202200 ms CreateObjectMapping: 0.078500 ms MarkObjects: 1.575800 ms  DeleteObjects: 0.069400 ms)

========================================================================
Received Prepare
Registering precompiled user dll's ...
Registered in 0.003064 seconds.
Begin MonoManager ReloadAssembly
Native extension for WindowsStandalone target not found
Native extension for WebGL target not found
Refreshing native plugins compatible for Editor in 0.45 ms, found 1 plugins.
Preloading 0 native plugins for Editor in 0.00 ms.
Invoked RoslynAnalysisRunner static constructor.
RoslynAnalysisRunner will not be running.
RoslynAnalysisRunner has terminated.
Mono: successfully reloaded assembly
- Completed reload, in  0.981 seconds
Platform modules already initialized, skipping
Refreshing native plugins compatible for Editor in 0.58 ms, found 1 plugins.
Preloading 0 native plugins for Editor in 0.00 ms.
Unloading 1624 Unused Serialized files (Serialized files now loaded: 0)
System memory in use before: 82.8 MB.
System memory in use after: 82.9 MB.

Unloading 18 unused Assets to reduce memory usage. Loaded Objects now: 2164.
Total: 1.743000 ms (FindLiveObjects: 0.150900 ms CreateObjectMapping: 0.067500 ms MarkObjects: 1.454300 ms  DeleteObjects: 0.069000 ms)

AssetImportWorkerClient::OnTransportError - code=2 error=End of file
